<?xml version="1.0" encoding="UTF-8"?>
<!-- Generated by org.testng.reporters.JUnitReportReporter -->
<testsuite hostname="LAPTOP-R8ICE530" failures="0" tests="1" name="com.training.tests.LoginTest" time="24.416" errors="0" timestamp="2022-11-24T13:52:54 PST" skipped="0">
  <testcase classname="com.training.tests.LoginTest" name="loginwithValidUsername" time="24.416"/>
  <system-out/>
</testsuite> <!-- com.training.tests.LoginTest -->
