<?xml version="1.0" encoding="UTF-8"?>
<!-- Generated by org.testng.reporters.JUnitReportReporter -->
<testsuite hostname="LAPTOP-R8ICE530" failures="0" tests="1" name="com.training.tests.ContactTest" time="11.732" errors="0" timestamp="2022-11-15T13:13:06 PST" skipped="0">
  <testcase classname="com.training.tests.ContactTest" name="checkTheError30" time="11.732"/>
  <system-out/>
</testsuite> <!-- com.training.tests.ContactTest -->
