<?xml version="1.0" encoding="UTF-8"?>
<!-- Generated by org.testng.reporters.JUnitReportReporter -->
<testsuite hostname="LAPTOP-R8ICE530" failures="0" tests="1" name="com.training.tests.LeadTest" time="13.599" errors="0" timestamp="2022-11-13T22:40:27 PST" skipped="0">
  <testcase classname="com.training.tests.LeadTest" name="checkNewOnLeads" time="13.599"/>
  <system-out/>
</testsuite> <!-- com.training.tests.LeadTest -->
