<?xml version="1.0" encoding="UTF-8"?>
<!-- Generated by org.testng.reporters.JUnitReportReporter -->
<testsuite hostname="LAPTOP-R8ICE530" failures="0" tests="1" name="com.training.tests.HomeTest" time="8.255" errors="0" timestamp="2022-11-17T23:51:47 PST" skipped="0">
  <testcase classname="com.training.tests.HomeTest" name="userMenu" time="8.255"/>
  <system-out/>
</testsuite> <!-- com.training.tests.HomeTest -->
