<?xml version="1.0" encoding="UTF-8"?>
<!-- Generated by org.testng.reporters.JUnitReportReporter -->
<testsuite hostname="LAPTOP-R8ICE530" failures="0" tests="5" name="com.training.tests.AccountTest" time="129.636" errors="0" timestamp="2022-11-23T17:10:20 PST" skipped="0">
  <testcase classname="com.training.tests.AccountTest" name="createAccount10" time="26.834"/>
  <system-out/>
  <testcase classname="com.training.tests.AccountTest" name="createNewView11" time="25.952"/>
  <system-out/>
  <testcase classname="com.training.tests.AccountTest" name="editView12" time="25.417"/>
  <system-out/>
  <testcase classname="com.training.tests.AccountTest" name="createAccountReport14" time="26.916"/>
  <system-out/>
  <testcase classname="com.training.tests.AccountTest" name="mergeAccount13" time="24.517"/>
  <system-out/>
</testsuite> <!-- com.training.tests.AccountTest -->
