<?xml version="1.0" encoding="UTF-8"?>
<!-- Generated by org.testng.reporters.JUnitReportReporter -->
<testsuite hostname="LAPTOP-R8ICE530" failures="0" tests="1" name="com.training.tests.OpportunitiesTest" time="12.329" errors="0" timestamp="2022-11-22T21:23:28 PST" skipped="0">
  <testcase classname="com.training.tests.OpportunitiesTest" name="opportunitiesDropdown15" time="12.329"/>
  <system-out/>
</testsuite> <!-- com.training.tests.OpportunitiesTest -->
